Build started 5/3/2015 0:00:47 AM.
     1>Project "D:\NUS Year 2\Year 2 Sem 2\CS2103\Planner project\Planner(main function)\GUI-API\GUI-API\GUI-API.vcxproj" on node 2 (Build target(s)).
     1>ClCompile:
         C:\Program Files\Microsoft Visual Studio 8\VC\bin\CL.exe /c /ZI /nologo /W3 /WX- /sdl /Od /Oy- /D _MBCS /Gm /EHsc /RTC1 /MDd /GS /fp:precise /Zc:wchar_t /Zc:forScope /Fo"Debug\\" /Fd"Debug\vc120.pdb" /Gd /TP /analyze- /errorReport:prompt GUI.cpp
         GUI.cpp
     1>d:\nus year 2\year 2 sem 2\cs2103\planner project\planner(main function)\gui-api\gui-api\gui.h(27): error C2065: 'Planner' : undeclared identifier
     1>d:\nus year 2\year 2 sem 2\cs2103\planner project\planner(main function)\gui-api\gui-api\gui.h(27): error C2146: syntax error : missing ';' before identifier 'myPlanner'
     1>d:\nus year 2\year 2 sem 2\cs2103\planner project\planner(main function)\gui-api\gui-api\gui.h(27): error C2065: 'myPlanner' : undeclared identifier
     1>d:\nus year 2\year 2 sem 2\cs2103\planner project\planner(main function)\gui-api\gui-api\gui.h(34): error C3861: 'processCommand': identifier not found
     1>Done Building Project "D:\NUS Year 2\Year 2 Sem 2\CS2103\Planner project\Planner(main function)\GUI-API\GUI-API\GUI-API.vcxproj" (Build target(s)) -- FAILED.

Build FAILED.

Time Elapsed 00:00:04.04
